[30-Jul-2019 00:38:48 UTC] PHP Notice:  Use of undefined constant ddkfgnkfdn - assumed 'ddkfgnkfdn' in C:\xampp1\htdocs\wordpress-site 2019\zenithub\wp-content\themes\zenithub\index.php on line 2
[30-Jul-2019 00:44:06 UTC] PHP Fatal error:  Maximum execution time of 30 seconds exceeded in C:\xampp1\htdocs\wordpress-site 2019\zenithub\wp-content\plugins\caldera-forms\vendor\composer\autoload_static.php on line 7
[01-Aug-2019 01:15:26 UTC] PHP Warning:  An unexpected error occurred. Something may be wrong with WordPress.org or this server&#8217;s configuration. If you continue to have problems, please try the <a href="https://wordpress.org/support/">support forums</a>. (WordPress could not establish a secure connection to WordPress.org. Please contact your server administrator.) in C:\xampp1\htdocs\wordpress-site 2019\zenithub\wp-admin\includes\plugin-install.php on line 180
[01-Aug-2019 04:26:55 UTC] PHP Fatal error:  Maximum execution time of 30 seconds exceeded in C:\xampp1\htdocs\wordpress-site 2019\zenithub\wp-includes\Requests\Transport\cURL.php on line 163
[01-Aug-2019 04:27:01 UTC] PHP Fatal error:  Maximum execution time of 30 seconds exceeded in C:\xampp1\htdocs\wordpress-site 2019\zenithub\wp-admin\menu.php on line 23
[01-Aug-2019 04:28:29 UTC] PHP Notice:  Undefined index: fb_page_id in C:\xampp1\htdocs\wordpress-site 2019\zenithub\wp-content\plugins\wp-chatbot\inc\MobileMonkeyApi.php on line 609
[01-Aug-2019 05:17:58 UTC] PHP Warning:  An unexpected error occurred. Something may be wrong with WordPress.org or this server&#8217;s configuration. If you continue to have problems, please try the <a href="https://wordpress.org/support/">support forums</a>. (WordPress could not establish a secure connection to WordPress.org. Please contact your server administrator.) in C:\xampp1\htdocs\wordpress-site 2019\zenithub\wp-includes\update.php on line 384
[01-Aug-2019 19:46:32 UTC] PHP Fatal error:  Maximum execution time of 30 seconds exceeded in C:\xampp1\htdocs\wordpress-site 2019\zenithub\wp-admin\includes\admin-filters.php on line 11
[01-Aug-2019 22:49:10 UTC] PHP Fatal error:  Maximum execution time of 30 seconds exceeded in C:\xampp1\htdocs\wordpress-site 2019\zenithub\wp-admin\includes\taxonomy.php on line 24
[02-Aug-2019 23:10:31 UTC] PHP Fatal error:  Uncaught Error: Call to undefined function the_title1() in C:\xampp1\htdocs\wordpress-site 2019\zenithub\wp-content\themes\zenithub\page-career.php:38
Stack trace:
#0 C:\xampp1\htdocs\wordpress-site 2019\zenithub\wp-includes\template-loader.php(78): include()
#1 C:\xampp1\htdocs\wordpress-site 2019\zenithub\wp-blog-header.php(19): require_once('C:\\xampp1\\htdoc...')
#2 C:\xampp1\htdocs\wordpress-site 2019\zenithub\index.php(17): require('C:\\xampp1\\htdoc...')
#3 {main}
  thrown in C:\xampp1\htdocs\wordpress-site 2019\zenithub\wp-content\themes\zenithub\page-career.php on line 38
[02-Aug-2019 23:10:34 UTC] PHP Fatal error:  Uncaught Error: Call to undefined function the_title1() in C:\xampp1\htdocs\wordpress-site 2019\zenithub\wp-content\themes\zenithub\page-career.php:38
Stack trace:
#0 C:\xampp1\htdocs\wordpress-site 2019\zenithub\wp-includes\template-loader.php(78): include()
#1 C:\xampp1\htdocs\wordpress-site 2019\zenithub\wp-blog-header.php(19): require_once('C:\\xampp1\\htdoc...')
#2 C:\xampp1\htdocs\wordpress-site 2019\zenithub\index.php(17): require('C:\\xampp1\\htdoc...')
#3 {main}
  thrown in C:\xampp1\htdocs\wordpress-site 2019\zenithub\wp-content\themes\zenithub\page-career.php on line 38
[03-Aug-2019 00:01:08 UTC] PHP Notice:  Undefined variable: image in C:\xampp1\htdocs\wordpress-site 2019\zenithub\wp-content\themes\zenithub\page-career.php on line 34
[03-Aug-2019 00:01:10 UTC] PHP Notice:  Undefined variable: image in C:\xampp1\htdocs\wordpress-site 2019\zenithub\wp-content\themes\zenithub\page-career.php on line 34
[05-Aug-2019 20:27:08 UTC] PHP Warning:  mysqli_real_connect(): (HY000/2002): No connection could be made because the target machine actively refused it.
 in C:\xampp1\htdocs\wordpress-site 2019\zenithub\wp-includes\wp-db.php on line 1612
[05-Aug-2019 22:31:48 UTC] PHP Fatal error:  Maximum execution time of 30 seconds exceeded in C:\xampp1\htdocs\wordpress-site 2019\zenithub\wp-includes\rest-api\endpoints\class-wp-rest-revisions-controller.php on line 17
[06-Aug-2019 15:56:33 UTC] PHP Warning:  An unexpected error occurred. Something may be wrong with WordPress.org or this server&#8217;s configuration. If you continue to have problems, please try the <a href="https://wordpress.org/support/">support forums</a>. (WordPress could not establish a secure connection to WordPress.org. Please contact your server administrator.) in C:\xampp1\htdocs\wordpress-site 2019\zenithub\wp-includes\update.php on line 160
[06-Aug-2019 15:56:54 UTC] PHP Fatal error:  Maximum execution time of 30 seconds exceeded in C:\xampp1\htdocs\wordpress-site 2019\zenithub\wp-includes\Requests\Transport\cURL.php on line 163
[06-Aug-2019 16:02:42 UTC] PHP Warning:  An unexpected error occurred. Something may be wrong with WordPress.org or this server&#8217;s configuration. If you continue to have problems, please try the <a href="https://wordpress.org/support/">support forums</a>. (WordPress could not establish a secure connection to WordPress.org. Please contact your server administrator.) in C:\xampp1\htdocs\wordpress-site 2019\zenithub\wp-includes\update.php on line 384
[06-Aug-2019 16:02:48 UTC] PHP Warning:  An unexpected error occurred. Something may be wrong with WordPress.org or this server&#8217;s configuration. If you continue to have problems, please try the <a href="https://wordpress.org/support/">support forums</a>. (WordPress could not establish a secure connection to WordPress.org. Please contact your server administrator.) in C:\xampp1\htdocs\wordpress-site 2019\zenithub\wp-includes\update.php on line 569
[06-Aug-2019 16:02:49 UTC] PHP Warning:  An unexpected error occurred. Something may be wrong with WordPress.org or this server&#8217;s configuration. If you continue to have problems, please try the <a href="https://wordpress.org/support/">support forums</a>. (WordPress could not establish a secure connection to WordPress.org. Please contact your server administrator.) in C:\xampp1\htdocs\wordpress-site 2019\zenithub\wp-includes\update.php on line 384
[06-Aug-2019 16:03:08 UTC] PHP Fatal error:  Maximum execution time of 30 seconds exceeded in C:\xampp1\htdocs\wordpress-site 2019\zenithub\wp-includes\Requests\Transport\cURL.php on line 163
[07-Aug-2019 14:45:21 UTC] PHP Fatal error:  Maximum execution time of 30 seconds exceeded in C:\xampp1\htdocs\wordpress-site 2019\zenithub\wp-includes\l10n.php on line 649
[08-Aug-2019 23:39:56 UTC] PHP Fatal error:  Maximum execution time of 30 seconds exceeded in C:\xampp1\htdocs\wordpress-site 2019\zenithub\wp-includes\wp-db.php on line 2007
[08-Aug-2019 23:40:17 UTC] PHP Fatal error:  Maximum execution time of 30 seconds exceeded in C:\xampp1\htdocs\wordpress-site 2019\zenithub\wp-includes\Requests\Transport\cURL.php on line 441
[19-Aug-2019 22:38:25 UTC] PHP Warning:  mysqli_real_connect(): (HY000/2002): No connection could be made because the target machine actively refused it.
 in C:\xampp1\htdocs\wordpress-site 2019\zenithub\wp-includes\wp-db.php on line 1612
[19-Aug-2019 22:38:34 UTC] PHP Warning:  mysqli_real_connect(): (HY000/2002): No connection could be made because the target machine actively refused it.
 in C:\xampp1\htdocs\wordpress-site 2019\zenithub\wp-includes\wp-db.php on line 1612
[19-Aug-2019 22:38:42 UTC] PHP Warning:  mysqli_real_connect(): (HY000/2002): No connection could be made because the target machine actively refused it.
 in C:\xampp1\htdocs\wordpress-site 2019\zenithub\wp-includes\wp-db.php on line 1612
[19-Aug-2019 22:38:53 UTC] PHP Warning:  mysqli_real_connect(): (HY000/2002): No connection could be made because the target machine actively refused it.
 in C:\xampp1\htdocs\wordpress-site 2019\zenithub\wp-includes\wp-db.php on line 1612
[20-Aug-2019 14:34:53 UTC] PHP Fatal error:  Maximum execution time of 30 seconds exceeded in C:\xampp1\htdocs\wordpress-site 2019\zenithub\wp-includes\vars.php on line 18
[21-Aug-2019 19:42:31 UTC] PHP Fatal error:  Maximum execution time of 30 seconds exceeded in C:\xampp1\htdocs\wordpress-site 2019\zenithub\wp-content\plugins\caldera-forms\classes\admin.php on line 17
[21-Aug-2019 19:43:30 UTC] PHP Warning:  An unexpected error occurred. Something may be wrong with WordPress.org or this server&#8217;s configuration. If you continue to have problems, please try the <a href="https://wordpress.org/support/">support forums</a>. (WordPress could not establish a secure connection to WordPress.org. Please contact your server administrator.) in C:\xampp1\htdocs\wordpress-site 2019\zenithub\wp-includes\update.php on line 384
[21-Aug-2019 19:43:31 UTC] PHP Warning:  An unexpected error occurred. Something may be wrong with WordPress.org or this server&#8217;s configuration. If you continue to have problems, please try the <a href="https://wordpress.org/support/">support forums</a>. (WordPress could not establish a secure connection to WordPress.org. Please contact your server administrator.) in C:\xampp1\htdocs\wordpress-site 2019\zenithub\wp-includes\update.php on line 569
[21-Aug-2019 19:43:32 UTC] PHP Warning:  An unexpected error occurred. Something may be wrong with WordPress.org or this server&#8217;s configuration. If you continue to have problems, please try the <a href="https://wordpress.org/support/">support forums</a>. (WordPress could not establish a secure connection to WordPress.org. Please contact your server administrator.) in C:\xampp1\htdocs\wordpress-site 2019\zenithub\wp-includes\update.php on line 160
[21-Aug-2019 19:44:11 UTC] PHP Warning:  An unexpected error occurred. Something may be wrong with WordPress.org or this server&#8217;s configuration. If you continue to have problems, please try the <a href="https://wordpress.org/support/">support forums</a>. (WordPress could not establish a secure connection to WordPress.org. Please contact your server administrator.) in C:\xampp1\htdocs\wordpress-site 2019\zenithub\wp-includes\update.php on line 384
[22-Aug-2019 20:09:19 UTC] PHP Fatal error:  Maximum execution time of 30 seconds exceeded in C:\xampp1\htdocs\wordpress-site 2019\zenithub\wp-includes\class.wp-scripts.php on line 18
[22-Aug-2019 20:09:55 UTC] PHP Fatal error:  Maximum execution time of 30 seconds exceeded in C:\xampp1\htdocs\wordpress-site 2019\zenithub\wp-includes\taxonomy.php on line 193
[22-Aug-2019 20:10:01 UTC] PHP Warning:  An unexpected error occurred. Something may be wrong with WordPress.org or this server&#8217;s configuration. If you continue to have problems, please try the <a href="https://wordpress.org/support/">support forums</a>. (WordPress could not establish a secure connection to WordPress.org. Please contact your server administrator.) in C:\xampp1\htdocs\wordpress-site 2019\zenithub\wp-includes\update.php on line 384
[22-Aug-2019 20:10:04 UTC] PHP Warning:  An unexpected error occurred. Something may be wrong with WordPress.org or this server&#8217;s configuration. If you continue to have problems, please try the <a href="https://wordpress.org/support/">support forums</a>. (WordPress could not establish a secure connection to WordPress.org. Please contact your server administrator.) in C:\xampp1\htdocs\wordpress-site 2019\zenithub\wp-includes\update.php on line 569
[22-Aug-2019 20:10:05 UTC] PHP Warning:  An unexpected error occurred. Something may be wrong with WordPress.org or this server&#8217;s configuration. If you continue to have problems, please try the <a href="https://wordpress.org/support/">support forums</a>. (WordPress could not establish a secure connection to WordPress.org. Please contact your server administrator.) in C:\xampp1\htdocs\wordpress-site 2019\zenithub\wp-includes\update.php on line 160
[23-Aug-2019 06:39:41 UTC] PHP Fatal error:  Maximum execution time of 30 seconds exceeded in C:\xampp1\htdocs\wordpress-site 2019\zenithub\wp-includes\Requests\Transport\cURL.php on line 441
